<?xml version="1.0" encoding="UTF-8"?>
<!-- Generated by org.testng.reporters.JUnitXMLReporter -->
<testsuite hostname="DESKTOP-0GIKARJ" ignored="0" name="Negative Login Tests" tests="2" failures="0" timestamp="2020-06-03T13:57:19 CEST" time="23.587" errors="0">
  <testcase name="anUserTryToLoginWithIncorrectUsernameAndPassword" time="3.318" classname="tests.FailedLoginTests"/>
  <testcase name="andUserTryToLoginWithValidUsernameAndPassword" time="8.319" classname="tests.PositiveLoginTests"/>
</testsuite> <!-- Negative Login Tests -->
