<?xml version="1.0" encoding="UTF-8"?>
<!-- Generated by org.testng.reporters.JUnitXMLReporter -->
<testsuite hostname="DESKTOP-0GIKARJ" ignored="0" name="Negative Login Tests" tests="3" failures="0" timestamp="2020-06-01T15:08:32 CEST" time="17.904" errors="0">
  <testcase name="anUserTryToLoginWithIncorrectUsernameAndPassword" time="2.858" classname="tests.FailedLoginTests"/>
  <testcase name="asNotLoggedInUserIShallNotProceedToCheckout" time="4.469" classname="tests.ShoppingCartTests"/>
  <testcase name="andUserTryToLoginWithValidUsernameAndPassword" time="4.956" classname="tests.PositiveLoginTests"/>
</testsuite> <!-- Negative Login Tests -->
