<?xml version="1.0" encoding="UTF-8"?>
<!-- Generated by org.testng.reporters.JUnitXMLReporter -->
<testsuite hostname="DESKTOP-0GIKARJ" ignored="0" name="Shopping Cart Tests" tests="3" failures="0" timestamp="2020-05-29T14:14:46 CEST" time="17.51" errors="0">
  <testcase name="anUserTryToLoginWithIncorrectUsernameAndPassword" time="2.48" classname="tests.FailedLoginTests"/>
  <testcase name="andUserTryToLoginWithValidUsernameAndPassword" time="5.499" classname="tests.PositiveLoginTests"/>
  <testcase name="asNotLoggedInUserIShallNotProceedToCheckout" time="3.114" classname="tests.ShoppingCartTests"/>
</testsuite> <!-- Shopping Cart Tests -->
