<?xml version="1.0" encoding="UTF-8"?>
<!-- Generated by org.testng.reporters.JUnitXMLReporter -->
<testsuite hostname="DESKTOP-0GIKARJ" ignored="0" name="Shopping Cart Tests" tests="2" failures="1" timestamp="2020-06-03T13:57:36 CEST" time="40.916" errors="0">
  <testcase name="asNotLoggedInUserIShallNotProceedToCheckout" time="1.805" classname="tests.ShoppingCartTests">
    <skipped/>
  </testcase> <!-- asNotLoggedInUserIShallNotProceedToCheckout -->
  <testcase name="asNotLoggedInUserIShallNotProceedToCheckout" time="2.168" classname="tests.ShoppingCartTests">
    <failure type="java.lang.AssertionError" message="Element text was &amp;lt;You must sign on before attempting to check out. Please sign on and try checking out again.&amp;gt; expecting to be &amp;lt;DYou must sign on before attempting to check out. Please sign on and try checking out again.&amp;gt;!">
      <![CDATA[java.lang.AssertionError: Element text was <You must sign on before attempting to check out. Please sign on and try checking out again.> expecting to be <DYou must sign on before attempting to check out. Please sign on and try checking out again.>!
at page.objects.LoginPage.assertThatWarningIsDisplayed(LoginPage.java:65)
at tests.ShoppingCartTests.asNotLoggedInUserIShallNotProceedToCheckout(ShoppingCartTests.java:32)
at java.util.ArrayList.forEach(ArrayList.java:1257)
at java.util.concurrent.FutureTask.run(FutureTask.java:266)
at java.util.concurrent.ThreadPoolExecutor.runWorker(ThreadPoolExecutor.java:1149)
at java.util.concurrent.ThreadPoolExecutor$Worker.run(ThreadPoolExecutor.java:624)
at java.lang.Thread.run(Thread.java:748)
... Removed 18 stack frames]]>
    </failure>
  </testcase> <!-- asNotLoggedInUserIShallNotProceedToCheckout -->
</testsuite> <!-- Shopping Cart Tests -->
