<?xml version="1.0" encoding="UTF-8"?>
<!-- Generated by org.testng.reporters.JUnitXMLReporter -->
<testsuite hostname="DESKTOP-0GIKARJ" ignored="0" name="Positive Login Tests" tests="3" failures="0" timestamp="2020-06-03T13:57:21 CEST" time="25.952" errors="0">
  <testcase name="anUserTryToLoginWithIncorrectUsernameAndPassword" time="3.318" classname="tests.FailedLoginTests"/>
  <testcase name="asNotLoggedInUserIShallNotProceedToCheckout" time="4.26" classname="tests.ShoppingCartTests">
    <skipped/>
  </testcase> <!-- asNotLoggedInUserIShallNotProceedToCheckout -->
  <testcase name="andUserTryToLoginWithValidUsernameAndPassword" time="8.319" classname="tests.PositiveLoginTests"/>
</testsuite> <!-- Positive Login Tests -->
