<?xml version="1.0" encoding="UTF-8"?>
<testsuite xmlns:xsi="http://www.w3.org/2001/XMLSchema-instance" xsi:noNamespaceSchemaLocation="https://maven.apache.org/surefire/maven-surefire-plugin/xsd/surefire-test-report.xsd" name="TestSuite" time="44.938" tests="5" errors="0" skipped="2" failures="1">
  <properties>
[...]
</properties>
  <testcase name="anUserTryToLoginWithIncorrectUsernameAndPassword" classname="tests.FailedLoginTests" time="2.345"/>
  <testcase name="asNotLoggedInUserIShallNotProceedToCheckout" classname="tests.ShoppingCartTests" time="0">
    <skipped message="Element text was &lt;You must sign on before attempting to check out. Please sign on and try checking out again.&gt; expecting to be &lt;DYou must sign on before attempting to check out. Please sign on and try checking out again.&gt;!"/>
    <system-out><![CDATA[[INFO ] 2020-06-03 13:57:15.080 [TestNG-tests-1] utilis.testng.listeners.TestListener - Test anUserTryToLoginWithIncorrectUsernameAndPassword passed successfully
[INFO ] 2020-06-03 13:57:15.170 [TestNG-tests-3] driver.listeners.DriverEventListener - Clicked on element
[INFO ] 2020-06-03 13:57:15.171 [TestNG-tests-3] page.objects.ShoppingCardPage - Clicked on Procced To Check Out Button
[INFO ] 2020-06-03 13:57:15.172 [TestNG-tests-3] page.objects.LoginPage - Checking if warning message DYou must sign on before attempting to check out. Please sign on and try checking out again. is displayed
[INFO ] 2020-06-03 13:57:15.172 [TestNG-tests-3] driver.listeners.DriverEventListener - Trying to find element with locator By.className: messages
[INFO ] 2020-06-03 13:57:15.222 [TestNG-tests-3] driver.listeners.DriverEventListener - Found element with locator By.className: messages
[INFO ] 2020-06-03 13:57:15.277 [TestNG-tests-3] generic.assertions.AssertWebElement - Checking if element is displayed
[INFO ] 2020-06-03 13:57:15.277 [TestNG-tests-3] driver.listeners.DriverEventListener - Trying to find element with locator By.className: messages
[INFO ] 2020-06-03 13:57:15.325 [TestNG-tests-3] driver.listeners.DriverEventListener - Found element with locator By.className: messages
[INFO ] 2020-06-03 13:57:15.393 [TestNG-tests-3] generic.assertions.AssertWebElement - WebElement was displayed!
[INFO ] 2020-06-03 13:57:15.393 [TestNG-tests-3] generic.assertions.AssertWebElement - Checking if WebElement has text: DYou must sign on before attempting to check out. Please sign on and try checking out again.
[INFO ] 2020-06-03 13:57:15.394 [TestNG-tests-3] driver.listeners.DriverEventListener - Trying to find element with locator By.className: messages
[INFO ] 2020-06-03 13:57:15.439 [TestNG-tests-3] driver.listeners.DriverEventListener - Found element with locator By.className: messages
[INFO ] 2020-06-03 13:57:15.440 [TestNG-tests-3] driver.listeners.DriverEventListener - Trying to get text for WebElement
[INFO ] 2020-06-03 13:57:15.527 [TestNG-tests-3] driver.listeners.DriverEventListener - Taken text fro WebElement. Text was: You must sign on before attempting to check out. Please sign on and try checking out again.
[INFO ] 2020-06-03 13:57:15.551 [TestNG-tests-3] utilis.testng.listeners.RetryAnalyzer - Retrying test method! asNotLoggedInUserIShallNotProceedToCheckout
]]></system-out>
    <system-err><![CDATA[1591185435088	Marionette	INFO	Stopped listening on port 57804
]]></system-err>
  </testcase>
  <testcase name="asNotLoggedInUserIShallNotProceedToCheckout" classname="tests.ShoppingCartTests" time="0">
    <skipped message="Element text was &lt;You must sign on before attempting to check out. Please sign on and try checking out again.&gt; expecting to be &lt;DYou must sign on before attempting to check out. Please sign on and try checking out again.&gt;!"/>
    <system-out><![CDATA[[INFO ] 2020-06-03 13:57:15.765 [TestNG-tests-2] utilis.testng.listeners.TestListener - Test andUserTryToLoginWithValidUsernameAndPassword passed successfully
[INFO ] 2020-06-03 13:57:24.810 [TestNG-tests-3] utilis.testng.listeners.TestListener - Starting test: asNotLoggedInUserIShallNotProceedToCheckout
[INFO ] 2020-06-03 13:57:24.810 [TestNG-tests-3] driver.listeners.DriverEventListener - Trying to navigate http://przyklady.javastart.pl/jpetstore/
[INFO ] 2020-06-03 13:57:25.127 [TestNG-tests-3] driver.listeners.DriverEventListener - Navigated to http://przyklady.javastart.pl/jpetstore/
[INFO ] 2020-06-03 13:57:25.127 [TestNG-tests-3] driver.listeners.DriverEventListener - Trying to find element with locator By.cssSelector: div p a
[INFO ] 2020-06-03 13:57:25.142 [TestNG-tests-3] driver.listeners.DriverEventListener - Found element with locator By.cssSelector: div p a
[INFO ] 2020-06-03 13:57:25.212 [TestNG-tests-3] driver.listeners.DriverEventListener - Trying to find element with locator By.cssSelector: div p a
[INFO ] 2020-06-03 13:57:25.227 [TestNG-tests-3] driver.listeners.DriverEventListener - Found element with locator By.cssSelector: div p a
[INFO ] 2020-06-03 13:57:25.243 [TestNG-tests-3] driver.listeners.DriverEventListener - Trying to find element with locator By.cssSelector: div p a
[INFO ] 2020-06-03 13:57:25.265 [TestNG-tests-3] driver.listeners.DriverEventListener - Found element with locator By.cssSelector: div p a
[INFO ] 2020-06-03 13:57:25.265 [TestNG-tests-3] driver.listeners.DriverEventListener - Trying to click on element with tag name a
[INFO ] 2020-06-03 13:57:25.693 [TestNG-tests-3] driver.listeners.DriverEventListener - Clicked on element
[INFO ] 2020-06-03 13:57:25.694 [TestNG-tests-3] page.objects.LandingPage - Clicked on Enter Store Link
[INFO ] 2020-06-03 13:57:25.695 [TestNG-tests-3] driver.listeners.DriverEventListener - Trying to find element with locator By.cssSelector: #SidebarContent img[src *='fish']
[INFO ] 2020-06-03 13:57:25.710 [TestNG-tests-3] driver.listeners.DriverEventListener - Found element with locator By.cssSelector: #SidebarContent img[src *='fish']
[INFO ] 2020-06-03 13:57:25.726 [TestNG-tests-3] driver.listeners.DriverEventListener - Trying to click on element with tag name img
[INFO ] 2020-06-03 13:57:25.872 [TestNG-tests-3] driver.listeners.DriverEventListener - Clicked on element
[INFO ] 2020-06-03 13:57:25.874 [TestNG-tests-3] driver.listeners.DriverEventListener - Trying to find element with locator By.cssSelector: a[href*='FI-SW-01']
[INFO ] 2020-06-03 13:57:25.900 [TestNG-tests-3] driver.listeners.DriverEventListener - Found element with locator By.cssSelector: a[href*='FI-SW-01']
[INFO ] 2020-06-03 13:57:25.918 [TestNG-tests-3] driver.listeners.DriverEventListener - Trying to click on element with tag name a
[INFO ] 2020-06-03 13:57:26.077 [TestNG-tests-3] driver.listeners.DriverEventListener - Clicked on element
[INFO ] 2020-06-03 13:57:26.077 [TestNG-tests-3] page.objects.FishListPage - Clicked on Angelfish ID link
[INFO ] 2020-06-03 13:57:26.078 [TestNG-tests-3] driver.listeners.DriverEventListener - Trying to find element with locator By.cssSelector: a.Button[href*='EST-2']
[INFO ] 2020-06-03 13:57:26.100 [TestNG-tests-3] driver.listeners.DriverEventListener - Found element with locator By.cssSelector: a.Button[href*='EST-2']
[INFO ] 2020-06-03 13:57:26.108 [TestNG-tests-3] driver.listeners.DriverEventListener - Trying to click on element with tag name a
[INFO ] 2020-06-03 13:57:26.236 [TestNG-tests-3] driver.listeners.DriverEventListener - Clicked on element
[INFO ] 2020-06-03 13:57:26.236 [TestNG-tests-3] page.objects.AngelFishListPage - Clicked on Add To Cart Small Angelfish
[INFO ] 2020-06-03 13:57:26.237 [TestNG-tests-3] driver.listeners.DriverEventListener - Trying to find element with locator By.cssSelector: a.Button[href*='newOrderForm']
[INFO ] 2020-06-03 13:57:26.246 [TestNG-tests-3] driver.listeners.DriverEventListener - Found element with locator By.cssSelector: a.Button[href*='newOrderForm']
[INFO ] 2020-06-03 13:57:26.260 [TestNG-tests-3] driver.listeners.DriverEventListener - Trying to click on element with tag name a
[INFO ] 2020-06-03 13:57:26.422 [TestNG-tests-3] driver.listeners.DriverEventListener - Clicked on element
[INFO ] 2020-06-03 13:57:26.422 [TestNG-tests-3] page.objects.ShoppingCardPage - Clicked on Procced To Check Out Button
[INFO ] 2020-06-03 13:57:26.423 [TestNG-tests-3] page.objects.LoginPage - Checking if warning message DYou must sign on before attempting to check out. Please sign on and try checking out again. is displayed
[INFO ] 2020-06-03 13:57:26.423 [TestNG-tests-3] driver.listeners.DriverEventListener - Trying to find element with locator By.className: messages
[INFO ] 2020-06-03 13:57:26.454 [TestNG-tests-3] driver.listeners.DriverEventListener - Found element with locator By.className: messages
[INFO ] 2020-06-03 13:57:26.508 [TestNG-tests-3] generic.assertions.AssertWebElement - Checking if element is displayed
[INFO ] 2020-06-03 13:57:26.508 [TestNG-tests-3] driver.listeners.DriverEventListener - Trying to find element with locator By.className: messages
[INFO ] 2020-06-03 13:57:26.518 [TestNG-tests-3] driver.listeners.DriverEventListener - Found element with locator By.className: messages
[INFO ] 2020-06-03 13:57:26.559 [TestNG-tests-3] generic.assertions.AssertWebElement - WebElement was displayed!
[INFO ] 2020-06-03 13:57:26.560 [TestNG-tests-3] generic.assertions.AssertWebElement - Checking if WebElement has text: DYou must sign on before attempting to check out. Please sign on and try checking out again.
[INFO ] 2020-06-03 13:57:26.560 [TestNG-tests-3] driver.listeners.DriverEventListener - Trying to find element with locator By.className: messages
[INFO ] 2020-06-03 13:57:26.570 [TestNG-tests-3] driver.listeners.DriverEventListener - Found element with locator By.className: messages
[INFO ] 2020-06-03 13:57:26.570 [TestNG-tests-3] driver.listeners.DriverEventListener - Trying to get text for WebElement
[INFO ] 2020-06-03 13:57:26.599 [TestNG-tests-3] driver.listeners.DriverEventListener - Taken text fro WebElement. Text was: You must sign on before attempting to check out. Please sign on and try checking out again.
[INFO ] 2020-06-03 13:57:26.600 [TestNG-tests-3] utilis.testng.listeners.RetryAnalyzer - Retrying test method! asNotLoggedInUserIShallNotProceedToCheckout
]]></system-out>
    <system-err><![CDATA[A content process crashed and MOZ_CRASHREPORTER_SHUTDOWN is set, shutting down

###!!! [Child][RunMessage] Error: Channel closing: too late to send/recv, messages will be lost


###!!! [Child][MessageChannel::SendAndWait] Error: Channel error: cannot send/recv

[Parent 15104, Gecko_IOThread] WARNING: pipe error: 232: file /builds/worker/checkouts/gecko/ipc/chromium/src/chrome/common/ipc_channel_win.cc, line 522
A content process crashed and MOZ_CRASHREPORTER_SHUTDOWN is set, shutting down

###!!! [Child][MessageChannel::SendAndWait] Error: Channel error: cannot send/recv

1591185440345	mozrunner::runner	INFO	Running command: "C:\\Program Files\\Mozilla Firefox\\firefox.exe" "-marionette" "-foreground" "-no-remote" "-profile" "C:\\Users\\Craanky\\AppData\\Local\\Temp\\rust_mozprofileUqBxTx"
1591185440973	addons.webextension.doh-rollout@mozilla.org	WARN	Loading extension 'doh-rollout@mozilla.org': Reading manifest: Invalid extension permission: networkStatus
1591185441628	addons.webextension.screenshots@mozilla.org	WARN	Loading extension 'screenshots@mozilla.org': Reading manifest: Invalid extension permission: mozillaAddons
1591185441629	addons.webextension.screenshots@mozilla.org	WARN	Loading extension 'screenshots@mozilla.org': Reading manifest: Invalid extension permission: telemetry
1591185441629	addons.webextension.screenshots@mozilla.org	WARN	Loading extension 'screenshots@mozilla.org': Reading manifest: Invalid extension permission: resource://pdf.js/
1591185441629	addons.webextension.screenshots@mozilla.org	WARN	Loading extension 'screenshots@mozilla.org': Reading manifest: Invalid extension permission: about:reader*
JavaScript error: resource://gre/modules/XULStore.jsm, line 66: Error: Can't find profile directory.
1591185444195	Marionette	INFO	Listening on port 57921
1591185444730	Marionette	WARN	TLS certificate errors will be ignored for this session
cze 03, 2020 1:57:24 PM org.openqa.selenium.remote.ProtocolHandshake createSession
INFO: Detected dialect: W3C
]]></system-err>
  </testcase>
  <testcase name="asNotLoggedInUserIShallNotProceedToCheckout" classname="tests.ShoppingCartTests" time="2.401">
    <failure message="Element text was &lt;You must sign on before attempting to check out. Please sign on and try checking out again.&gt; expecting to be &lt;DYou must sign on before attempting to check out. Please sign on and try checking out again.&gt;!" type="java.lang.AssertionError"><![CDATA[java.lang.AssertionError: Element text was <You must sign on before attempting to check out. Please sign on and try checking out again.> expecting to be <DYou must sign on before attempting to check out. Please sign on and try checking out again.>!
	at tests.ShoppingCartTests.asNotLoggedInUserIShallNotProceedToCheckout(ShoppingCartTests.java:32)
]]></failure>
    <system-out><![CDATA[[INFO ] 2020-06-03 13:57:26.603 [TestNG-tests-3] utilis.testng.listeners.TestListener - Test asNotLoggedInUserIShallNotProceedToCheckout skipped!
[INFO ] 2020-06-03 13:57:32.377 [TestNG-tests-3] utilis.testng.listeners.TestListener - Starting test: asNotLoggedInUserIShallNotProceedToCheckout
[INFO ] 2020-06-03 13:57:32.377 [TestNG-tests-3] driver.listeners.DriverEventListener - Trying to navigate http://przyklady.javastart.pl/jpetstore/
[INFO ] 2020-06-03 13:57:32.776 [TestNG-tests-3] driver.listeners.DriverEventListener - Navigated to http://przyklady.javastart.pl/jpetstore/
[INFO ] 2020-06-03 13:57:32.778 [TestNG-tests-3] driver.listeners.DriverEventListener - Trying to find element with locator By.cssSelector: div p a
[INFO ] 2020-06-03 13:57:32.809 [TestNG-tests-3] driver.listeners.DriverEventListener - Found element with locator By.cssSelector: div p a
[INFO ] 2020-06-03 13:57:32.880 [TestNG-tests-3] driver.listeners.DriverEventListener - Trying to find element with locator By.cssSelector: div p a
[INFO ] 2020-06-03 13:57:32.900 [TestNG-tests-3] driver.listeners.DriverEventListener - Found element with locator By.cssSelector: div p a
[INFO ] 2020-06-03 13:57:32.920 [TestNG-tests-3] driver.listeners.DriverEventListener - Trying to find element with locator By.cssSelector: div p a
[INFO ] 2020-06-03 13:57:32.949 [TestNG-tests-3] driver.listeners.DriverEventListener - Found element with locator By.cssSelector: div p a
[INFO ] 2020-06-03 13:57:32.951 [TestNG-tests-3] driver.listeners.DriverEventListener - Trying to click on element with tag name a
[INFO ] 2020-06-03 13:57:33.654 [TestNG-tests-3] driver.listeners.DriverEventListener - Clicked on element
[INFO ] 2020-06-03 13:57:33.655 [TestNG-tests-3] page.objects.LandingPage - Clicked on Enter Store Link
[INFO ] 2020-06-03 13:57:33.656 [TestNG-tests-3] driver.listeners.DriverEventListener - Trying to find element with locator By.cssSelector: #SidebarContent img[src *='fish']
[INFO ] 2020-06-03 13:57:33.671 [TestNG-tests-3] driver.listeners.DriverEventListener - Found element with locator By.cssSelector: #SidebarContent img[src *='fish']
[INFO ] 2020-06-03 13:57:33.685 [TestNG-tests-3] driver.listeners.DriverEventListener - Trying to click on element with tag name img
[INFO ] 2020-06-03 13:57:33.859 [TestNG-tests-3] driver.listeners.DriverEventListener - Clicked on element
[INFO ] 2020-06-03 13:57:33.860 [TestNG-tests-3] driver.listeners.DriverEventListener - Trying to find element with locator By.cssSelector: a[href*='FI-SW-01']
[INFO ] 2020-06-03 13:57:33.876 [TestNG-tests-3] driver.listeners.DriverEventListener - Found element with locator By.cssSelector: a[href*='FI-SW-01']
[INFO ] 2020-06-03 13:57:33.891 [TestNG-tests-3] driver.listeners.DriverEventListener - Trying to click on element with tag name a
[INFO ] 2020-06-03 13:57:34.028 [TestNG-tests-3] driver.listeners.DriverEventListener - Clicked on element
[INFO ] 2020-06-03 13:57:34.029 [TestNG-tests-3] page.objects.FishListPage - Clicked on Angelfish ID link
[INFO ] 2020-06-03 13:57:34.032 [TestNG-tests-3] driver.listeners.DriverEventListener - Trying to find element with locator By.cssSelector: a.Button[href*='EST-2']
[INFO ] 2020-06-03 13:57:34.047 [TestNG-tests-3] driver.listeners.DriverEventListener - Found element with locator By.cssSelector: a.Button[href*='EST-2']
[INFO ] 2020-06-03 13:57:34.058 [TestNG-tests-3] driver.listeners.DriverEventListener - Trying to click on element with tag name a
[INFO ] 2020-06-03 13:57:34.185 [TestNG-tests-3] driver.listeners.DriverEventListener - Clicked on element
[INFO ] 2020-06-03 13:57:34.185 [TestNG-tests-3] page.objects.AngelFishListPage - Clicked on Add To Cart Small Angelfish
[INFO ] 2020-06-03 13:57:34.186 [TestNG-tests-3] driver.listeners.DriverEventListener - Trying to find element with locator By.cssSelector: a.Button[href*='newOrderForm']
[INFO ] 2020-06-03 13:57:34.198 [TestNG-tests-3] driver.listeners.DriverEventListener - Found element with locator By.cssSelector: a.Button[href*='newOrderForm']
[INFO ] 2020-06-03 13:57:34.209 [TestNG-tests-3] driver.listeners.DriverEventListener - Trying to click on element with tag name a
[INFO ] 2020-06-03 13:57:34.358 [TestNG-tests-3] driver.listeners.DriverEventListener - Clicked on element
[INFO ] 2020-06-03 13:57:34.358 [TestNG-tests-3] page.objects.ShoppingCardPage - Clicked on Procced To Check Out Button
[INFO ] 2020-06-03 13:57:34.359 [TestNG-tests-3] page.objects.LoginPage - Checking if warning message DYou must sign on before attempting to check out. Please sign on and try checking out again. is displayed
[INFO ] 2020-06-03 13:57:34.360 [TestNG-tests-3] driver.listeners.DriverEventListener - Trying to find element with locator By.className: messages
[INFO ] 2020-06-03 13:57:34.381 [TestNG-tests-3] driver.listeners.DriverEventListener - Found element with locator By.className: messages
[INFO ] 2020-06-03 13:57:34.445 [TestNG-tests-3] generic.assertions.AssertWebElement - Checking if element is displayed
[INFO ] 2020-06-03 13:57:34.445 [TestNG-tests-3] driver.listeners.DriverEventListener - Trying to find element with locator By.className: messages
[INFO ] 2020-06-03 13:57:34.454 [TestNG-tests-3] driver.listeners.DriverEventListener - Found element with locator By.className: messages
[INFO ] 2020-06-03 13:57:34.492 [TestNG-tests-3] generic.assertions.AssertWebElement - WebElement was displayed!
[INFO ] 2020-06-03 13:57:34.492 [TestNG-tests-3] generic.assertions.AssertWebElement - Checking if WebElement has text: DYou must sign on before attempting to check out. Please sign on and try checking out again.
[INFO ] 2020-06-03 13:57:34.492 [TestNG-tests-3] driver.listeners.DriverEventListener - Trying to find element with locator By.className: messages
[INFO ] 2020-06-03 13:57:34.501 [TestNG-tests-3] driver.listeners.DriverEventListener - Found element with locator By.className: messages
[INFO ] 2020-06-03 13:57:34.502 [TestNG-tests-3] driver.listeners.DriverEventListener - Trying to get text for WebElement
[INFO ] 2020-06-03 13:57:34.529 [TestNG-tests-3] driver.listeners.DriverEventListener - Taken text fro WebElement. Text was: You must sign on before attempting to check out. Please sign on and try checking out again.
[INFO ] 2020-06-03 13:57:34.530 [TestNG-tests-3] utilis.testng.listeners.RetryAnalyzer - Test method asNotLoggedInUserIShallNotProceedToCheckout will be not retried!
]]></system-out>
    <system-err><![CDATA[1591185446611	Marionette	INFO	Stopped listening on port 57921

###!!! [Child][RunMessage] Error: Channel closing: too late to send/recv, messages will be lost


###!!! [Child][MessageChannel::SendAndWait] Error: Channel error: cannot send/recv

1591185448610	mozrunner::runner	INFO	Running command: "C:\\Program Files\\Mozilla Firefox\\firefox.exe" "-marionette" "-foreground" "-no-remote" "-profile" "C:\\Users\\Craanky\\AppData\\Local\\Temp\\rust_mozprofileqhc0S1"
1591185449147	addons.webextension.doh-rollout@mozilla.org	WARN	Loading extension 'doh-rollout@mozilla.org': Reading manifest: Invalid extension permission: networkStatus
1591185449699	addons.webextension.screenshots@mozilla.org	WARN	Loading extension 'screenshots@mozilla.org': Reading manifest: Invalid extension permission: mozillaAddons
1591185449699	addons.webextension.screenshots@mozilla.org	WARN	Loading extension 'screenshots@mozilla.org': Reading manifest: Invalid extension permission: telemetry
1591185449700	addons.webextension.screenshots@mozilla.org	WARN	Loading extension 'screenshots@mozilla.org': Reading manifest: Invalid extension permission: resource://pdf.js/
1591185449700	addons.webextension.screenshots@mozilla.org	WARN	Loading extension 'screenshots@mozilla.org': Reading manifest: Invalid extension permission: about:reader*
JavaScript error: resource://gre/modules/XULStore.jsm, line 66: Error: Can't find profile directory.
1591185452248	Marionette	INFO	Listening on port 57965
1591185452283	Marionette	WARN	TLS certificate errors will be ignored for this session
cze 03, 2020 1:57:32 PM org.openqa.selenium.remote.ProtocolHandshake createSession
INFO: Detected dialect: W3C
]]></system-err>
  </testcase>
  <testcase name="andUserTryToLoginWithValidUsernameAndPassword" classname="tests.PositiveLoginTests" time="3.221"/>
</testsuite>