<?xml version="1.0" encoding="UTF-8"?>
<testng-results skipped="0" failed="0" ignored="0" total="3" passed="3">
  <reporter-output>
  </reporter-output>
  <suite name="All Pet Store Tests" duration-ms="28024" started-at="2020-06-01T15:30:49 CEST" finished-at="2020-06-01T15:31:17 CEST">
    <groups>
    </groups>
    <test name="Negative Login Tests" duration-ms="24578" started-at="2020-06-01T15:30:49 CEST" finished-at="2020-06-01T15:31:14 CEST">
      <class name="tests.FailedLoginTests">
        <test-method status="PASS" signature="beforeClass()[pri:0, instance:tests.FailedLoginTests@3954d008]" name="beforeClass" is-config="true" duration-ms="2029" started-at="2020-06-01T15:30:49 CEST" finished-at="2020-06-01T15:30:51 CEST">
          <reporter-output>
          </reporter-output>
        </test-method> <!-- beforeClass -->
        <test-method status="PASS" signature="beforeMethod(driver.BrowserType)[pri:0, instance:tests.FailedLoginTests@3954d008]" name="beforeMethod" is-config="true" duration-ms="14615" started-at="2020-06-01T15:30:52 CEST" finished-at="2020-06-01T15:31:06 CEST">
          <params>
            <param index="0">
              <value>
                <![CDATA[FIREFOX]]>
              </value>
            </param>
          </params>
          <reporter-output>
          </reporter-output>
        </test-method> <!-- beforeMethod -->
        <test-method status="PASS" signature="anUserTryToLoginWithIncorrectUsernameAndPassword()[pri:0, instance:tests.FailedLoginTests@3954d008]" name="anUserTryToLoginWithIncorrectUsernameAndPassword" duration-ms="4029" started-at="2020-06-01T15:31:06 CEST" finished-at="2020-06-01T15:31:10 CEST">
          <reporter-output>
          </reporter-output>
        </test-method> <!-- anUserTryToLoginWithIncorrectUsernameAndPassword -->
        <test-method status="PASS" signature="afterMethod()[pri:0, instance:tests.FailedLoginTests@3954d008]" name="afterMethod" is-config="true" duration-ms="3651" started-at="2020-06-01T15:31:10 CEST" finished-at="2020-06-01T15:31:14 CEST">
          <reporter-output>
          </reporter-output>
        </test-method> <!-- afterMethod -->
      </class> <!-- tests.FailedLoginTests -->
    </test> <!-- Negative Login Tests -->
    <test name="Shopping Cart Tests" duration-ms="25222" started-at="2020-06-01T15:30:49 CEST" finished-at="2020-06-01T15:31:15 CEST">
      <class name="tests.ShoppingCartTests">
        <test-method status="PASS" signature="beforeClass()[pri:0, instance:tests.ShoppingCartTests@5cc69cfe]" name="beforeClass" is-config="true" duration-ms="3162" started-at="2020-06-01T15:30:49 CEST" finished-at="2020-06-01T15:30:53 CEST">
          <reporter-output>
          </reporter-output>
        </test-method> <!-- beforeClass -->
        <test-method status="PASS" signature="beforeMethod(driver.BrowserType)[pri:0, instance:tests.ShoppingCartTests@5cc69cfe]" name="beforeMethod" is-config="true" duration-ms="13626" started-at="2020-06-01T15:30:53 CEST" finished-at="2020-06-01T15:31:06 CEST">
          <params>
            <param index="0">
              <value>
                <![CDATA[FIREFOX]]>
              </value>
            </param>
          </params>
          <reporter-output>
          </reporter-output>
        </test-method> <!-- beforeMethod -->
        <test-method status="PASS" signature="asNotLoggedInUserIShallNotProceedToCheckout()[pri:0, instance:tests.ShoppingCartTests@5cc69cfe]" name="asNotLoggedInUserIShallNotProceedToCheckout" duration-ms="5579" started-at="2020-06-01T15:31:06 CEST" finished-at="2020-06-01T15:31:12 CEST">
          <reporter-output>
          </reporter-output>
        </test-method> <!-- asNotLoggedInUserIShallNotProceedToCheckout -->
        <test-method status="PASS" signature="afterMethod()[pri:0, instance:tests.ShoppingCartTests@5cc69cfe]" name="afterMethod" is-config="true" duration-ms="2785" started-at="2020-06-01T15:31:12 CEST" finished-at="2020-06-01T15:31:15 CEST">
          <reporter-output>
          </reporter-output>
        </test-method> <!-- afterMethod -->
      </class> <!-- tests.ShoppingCartTests -->
    </test> <!-- Shopping Cart Tests -->
    <test name="Positive Login Tests" duration-ms="28024" started-at="2020-06-01T15:30:49 CEST" finished-at="2020-06-01T15:31:17 CEST">
      <class name="tests.PositiveLoginTests">
        <test-method status="PASS" signature="beforeClass()[pri:0, instance:tests.PositiveLoginTests@8a589a2]" name="beforeClass" is-config="true" duration-ms="2069" started-at="2020-06-01T15:30:49 CEST" finished-at="2020-06-01T15:30:51 CEST">
          <reporter-output>
          </reporter-output>
        </test-method> <!-- beforeClass -->
        <test-method status="PASS" signature="beforeMethod(driver.BrowserType)[pri:0, instance:tests.PositiveLoginTests@8a589a2]" name="beforeMethod" is-config="true" duration-ms="13679" started-at="2020-06-01T15:30:52 CEST" finished-at="2020-06-01T15:31:05 CEST">
          <params>
            <param index="0">
              <value>
                <![CDATA[CHROME]]>
              </value>
            </param>
          </params>
          <reporter-output>
          </reporter-output>
        </test-method> <!-- beforeMethod -->
        <test-method status="PASS" signature="andUserTryToLoginWithValidUsernameAndPassword()[pri:0, instance:tests.PositiveLoginTests@8a589a2]" name="andUserTryToLoginWithValidUsernameAndPassword" duration-ms="6115" started-at="2020-06-01T15:31:06 CEST" finished-at="2020-06-01T15:31:12 CEST">
          <reporter-output>
          </reporter-output>
        </test-method> <!-- andUserTryToLoginWithValidUsernameAndPassword -->
        <test-method status="PASS" signature="afterMethod()[pri:0, instance:tests.PositiveLoginTests@8a589a2]" name="afterMethod" is-config="true" duration-ms="5558" started-at="2020-06-01T15:31:12 CEST" finished-at="2020-06-01T15:31:17 CEST">
          <reporter-output>
          </reporter-output>
        </test-method> <!-- afterMethod -->
      </class> <!-- tests.PositiveLoginTests -->
    </test> <!-- Positive Login Tests -->
  </suite> <!-- All Pet Store Tests -->
</testng-results>
