<?xml version="1.0" encoding="UTF-8"?>
<testsuite xmlns:xsi="http://www.w3.org/2001/XMLSchema-instance" xsi:noNamespaceSchemaLocation="https://maven.apache.org/surefire/maven-surefire-plugin/xsd/surefire-test-report.xsd" name="TestSuite" time="24.796" tests="3" errors="0" skipped="0" failures="0">
  <properties>
[...]
</properties>
  <testcase name="anUserTryToLoginWithIncorrectUsernameAndPassword" classname="tests.FailedLoginTests" time="2.484"/>
  <testcase name="asNotLoggedInUserIShallNotProceedToCheckout" classname="tests.ShoppingCartTests" time="3.06"/>
  <testcase name="andUserTryToLoginWithValidUsernameAndPassword" classname="tests.PositiveLoginTests" time="3.293"/>
</testsuite>