<?xml version="1.0" encoding="UTF-8"?>
<!-- Generated by org.testng.reporters.JUnitXMLReporter -->
<testsuite hostname="DESKTOP-0GIKARJ" ignored="0" name="Surefire test" tests="3" failures="0" timestamp="2020-05-21T15:10:08 CEST" time="23.699" errors="0">
  <testcase name="anUserTryToLoginWithIncorrectUsernameAndPassword" time="1.721" classname="tests.FailedLoginTests"/>
  <testcase name="andUserTryToLoginWithValidUsernameAndPassword" time="1.078" classname="tests.PositiveLoginTest"/>
  <testcase name="asNotLoggedInUserIShallNotProceedToCheckout" time="1.26" classname="tests.ShoppingCartTest"/>
</testsuite> <!-- Surefire test -->
